\BOOKMARK [1][-]{section.1}{M\363dulos del programa}{}% 1
\BOOKMARK [1][-]{section.2}{Estructuras de datos utilizadas}{}% 2
\BOOKMARK [2][-]{subsection.2.1}{Tabla Hash}{section.2}% 3
\BOOKMARK [2][-]{subsection.2.2}{\301rboles AVL}{section.2}% 4
\BOOKMARK [2][-]{subsection.2.3}{Listas simplemente enlazadas}{section.2}% 5
\BOOKMARK [2][-]{subsection.2.4}{Listas de acciones}{section.2}% 6
\BOOKMARK [2][-]{subsection.2.5}{Otras estructuras}{section.2}% 7
\BOOKMARK [1][-]{section.3}{Algoritmos de inter\351s}{}% 8
\BOOKMARK [2][-]{subsection.3.1}{Deshacer/Rehacer}{section.3}% 9
\BOOKMARK [2][-]{subsection.3.2}{Guardar ordenado}{section.3}% 10
\BOOKMARK [2][-]{subsection.3.3}{Buscar por suma de edades}{section.3}% 11
\BOOKMARK [1][-]{section.4}{Dificultades encontradas}{}% 12
\BOOKMARK [2][-]{subsection.4.1}{Sobre la impresi\363n en la b\372squeda de suma de edades}{section.4}% 13
\BOOKMARK [2][-]{subsection.4.2}{Sobre la duplicaci\363n de la informaci\363n}{section.4}% 14
\BOOKMARK [1][-]{section.5}{Decisiones particulares}{}% 15
\BOOKMARK [2][-]{subsection.5.1}{Sobre cu\341ndo reinicializar la lista de acciones de rehacer}{section.5}% 16
\BOOKMARK [2][-]{subsection.5.2}{Sobre pisar la informaci\363n de un contacto}{section.5}% 17
\BOOKMARK [2][-]{subsection.5.3}{Sobre resizing din\341mico de la agenda}{section.5}% 18
\BOOKMARK [1][-]{section.6}{Compilaci\363n e invocaci\363n}{}% 19
\BOOKMARK [1][-]{section.7}{Bibliograf\355a}{}% 20
